This is pdfTeX, Version 3.14159265-2.6-1.40.17 (TeX Live 2016) (preloaded format=pdflatex 2017.4.20)  27 MAY 2017 15:30
entering extended mode
 restricted \write18 enabled.
 %&-line parsing enabled.
**chapter3.tex
(./chapter3.tex
LaTeX2e <2016/03/31>
Babel <3.9r> and hyphenation patterns for 83 language(s) loaded.
! Undefined control sequence.
l.2 \chapter
            {–ü—Ä–∞–∫—Ç–∏—á–µ—Å–∫–æ–µ –∏—Å—Å–ª–µ–¥–æ–≤–∞–Ω–∏–µ}
The control sequence at the end of the top line
of your error message was never \def'ed. If you have
misspelled it (e.g., `\hobx'), type `I' and the correct
spelling (e.g., `I\hbox'). Otherwise just continue,
and I'll forget about whatever was undefined.


! LaTeX Error: Missing \begin{document}.

See the LaTeX manual or LaTeX Companion for explanation.
Type  H <return>  for immediate help.
 ...                                              
                                                  
l.2 \chapter{–
              ü—Ä–∞–∫—Ç–∏—á–µ—Å–∫–æ–µ –∏—Å—Å–ª–µ–¥–æ–≤–∞–Ω–∏–µ}
You're in trouble here.  Try typing  <return>  to proceed.
If that doesn't work, type  X <return>  to quit.

Missing character: There is no – in font nullfont!
Missing character: There is no ü in font nullfont!
Missing character: There is no — in font nullfont!
Missing character: There is no Ä in font nullfont!
Missing character: There is no – in font nullfont!
Missing character: There is no ∞ in font nullfont!
Missing character: There is no – in font nullfont!
Missing character: There is no ∫ in font nullfont!
Missing character: There is no — in font nullfont!
Missing character: There is no Ç in font nullfont!
Missing character: There is no – in font nullfont!
Missing character: There is no ∏ in font nullfont!
Missing character: There is no — in font nullfont!
Missing character: There is no á in font nullfont!
Missing character: There is no – in font nullfont!
Missing character: There is no µ in font nullfont!
Missing character: There is no — in font nullfont!
Missing character: There is no Å in font nullfont!
Missing character: There is no – in font nullfont!
Missing character: There is no ∫ in font nullfont!
Missing character: There is no – in font nullfont!
Missing character: There is no æ in font nullfont!
Missing character: There is no – in font nullfont!
Missing character: There is no µ in font nullfont!
Missing character: There is no – in font nullfont!
Missing character: There is no ∏ in font nullfont!
Missing character: There is no — in font nullfont!
Missing character: There is no Å in font nullfont!
Missing character: There is no — in font nullfont!
Missing character: There is no Å in font nullfont!
Missing character: There is no – in font nullfont!
Missing character: There is no ª in font nullfont!
Missing character: There is no – in font nullfont!
Missing character: There is no µ in font nullfont!
Missing character: There is no – in font nullfont!
Missing character: There is no ¥ in font nullfont!
Missing character: There is no – in font nullfont!
Missing character: There is no æ in font nullfont!
Missing character: There is no – in font nullfont!
Missing character: There is no ≤ in font nullfont!
Missing character: There is no – in font nullfont!
Missing character: There is no ∞ in font nullfont!
Missing character: There is no – in font nullfont!
Missing character: There is no Ω in font nullfont!
Missing character: There is no – in font nullfont!
Missing character: There is no ∏ in font nullfont!
Missing character: There is no – in font nullfont!
Missing character: There is no µ in font nullfont!

Overfull \hbox (20.0pt too wide) in paragraph at lines 2--3
[]
 []

! Undefined control sequence.
l.4 \chapterconclusion
                      
The control sequence at the end of the top line
of your error message was never \def'ed. If you have
misspelled it (e.g., `\hobx'), type `I' and the correct
spelling (e.g., `I\hbox'). Otherwise just continue,
and I'll forget about whatever was undefined.

)
! Emergency stop.
<*> chapter3.tex
                
*** (job aborted, no legal \end found)

 
Here is how much of TeX's memory you used:
 5 strings out of 493014
 131 string characters out of 6133351
 53601 words of memory out of 5000000
 3648 multiletter control sequences out of 15000+600000
 3640 words of font info for 14 fonts, out of 8000000 for 9000
 1141 hyphenation exceptions out of 8191
 5i,0n,4p,74b,16s stack positions out of 5000i,500n,10000p,200000b,80000s
!  ==> Fatal error occurred, no output PDF file produced!
